<?xml version="1.0" encoding="utf-8" standalone="no"?>
<!--This file represents the results of running a test suite-->
<test-results name="C:\Users\anzhelika\Desktop\Training course .NET.C#\NET.C#.03.Declaring and callind mathods\NET.C#.03.Declaring and calling methods_DemoFiles\NET.CSharp.03\NUnitTest\bin\Debug\NUnitTest.dll" total="1" errors="0" failures="0" not-run="0" inconclusive="0" ignored="0" skipped="0" invalid="0" date="2011-06-10" time="15:41:12">
  <environment nunit-version="2.5.7.10213" clr-version="2.0.50727.4959" os-version="Microsoft Windows NT 6.1.7600.0" platform="Win32NT" cwd="C:\Program Files (x86)\NUnit 2.5.7\bin\net-2.0" machine-name="ANZHELIKA-PC" user="anzhelika" user-domain="anzhelika-PC" />
  <culture-info current-culture="ru-RU" current-uiculture="en-US" />
  <test-suite type="Assembly" name="C:\Users\anzhelika\Desktop\Training course .NET.C#\NET.C#.03.Declaring and callind mathods\NET.C#.03.Declaring and calling methods_DemoFiles\NET.CSharp.03\NUnitTest\bin\Debug\NUnitTest.dll" executed="True" result="Success" success="True" time="0.194" asserts="0">
    <results>
      <test-suite type="Namespace" name="NUnitTest" executed="True" result="Success" success="True" time="0.161" asserts="0">
        <results>
          <test-suite type="TestFixture" name="ClassTest" executed="True" result="Success" success="True" time="0.129" asserts="0">
            <results>
              <test-case name="NUnitTest.ClassTest.DoCalculationsTest" executed="True" result="Success" success="True" time="0.095" asserts="1" />
            </results>
          </test-suite>
        </results>
      </test-suite>
    </results>
  </test-suite>
</test-results>